C:\USERS\OTAKODE\DOCUMENTS\VISUAL STUDIO 2012\PROJECTS\NINJA\DEBUG\NINJA.PCH
C:\USERS\OTAKODE\DOCUMENTS\VISUAL STUDIO 2012\PROJECTS\NINJA\DEBUG\STDAFX.OBJ
C:\USERS\OTAKODE\DOCUMENTS\VISUAL STUDIO 2012\PROJECTS\NINJA\DEBUG\VC110.PDB
C:\USERS\OTAKODE\DOCUMENTS\VISUAL STUDIO 2012\PROJECTS\NINJA\DEBUG\NINJA.OBJ
C:\USERS\OTAKODE\DOCUMENTS\VISUAL STUDIO 2012\PROJECTS\NINJA\DEBUG\BACKGROUND.OBJ
C:\USERS\OTAKODE\DOCUMENTS\VISUAL STUDIO 2012\PROJECTS\NINJA\DEBUG\CHARACTER.OBJ
C:\USERS\OTAKODE\DOCUMENTS\VISUAL STUDIO 2012\PROJECTS\NINJA\DEBUG\CONTROLLER.OBJ
C:\USERS\OTAKODE\DOCUMENTS\VISUAL STUDIO 2012\PROJECTS\NINJA\DEBUG\GAME.OBJ
C:\USERS\OTAKODE\DOCUMENTS\VISUAL STUDIO 2012\PROJECTS\NINJA\DEBUG\GROUND.OBJ
C:\USERS\OTAKODE\DOCUMENTS\VISUAL STUDIO 2012\PROJECTS\NINJA\DEBUG\MODEL.OBJ
C:\USERS\OTAKODE\DOCUMENTS\VISUAL STUDIO 2012\PROJECTS\NINJA\DEBUG\SCREEN.OBJ
C:\USERS\OTAKODE\DOCUMENTS\VISUAL STUDIO 2012\PROJECTS\NINJA\DEBUG\SURFACE.OBJ
C:\USERS\OTAKODE\DOCUMENTS\VISUAL STUDIO 2012\PROJECTS\NINJA\DEBUG\THREAD.OBJ
C:\USERS\OTAKODE\DOCUMENTS\VISUAL STUDIO 2012\PROJECTS\NINJA\DEBUG\TIME.OBJ
C:\USERS\OTAKODE\DOCUMENTS\VISUAL STUDIO 2012\PROJECTS\NINJA\DEBUG\VIEW.OBJ
C:\USERS\OTAKODE\DOCUMENTS\VISUAL STUDIO 2012\PROJECTS\NINJA\DEBUG\NINJA.ILK
C:\USERS\OTAKODE\DOCUMENTS\VISUAL STUDIO 2012\PROJECTS\NINJA\DEBUG\NINJA.EXE
C:\USERS\OTAKODE\DOCUMENTS\VISUAL STUDIO 2012\PROJECTS\NINJA\DEBUG\NINJA.PDB
C:\USERS\OTAKODE\DOCUMENTS\VISUAL STUDIO 2012\PROJECTS\NINJA\DEBUG\NINJA.RES
C:\Users\Otakode\Documents\Visual Studio 2012\Projects\Ninja\Debug\Background.obj
C:\Users\Otakode\Documents\Visual Studio 2012\Projects\Ninja\Debug\Character.obj
C:\Users\Otakode\Documents\Visual Studio 2012\Projects\Ninja\Debug\Controller.obj
C:\Users\Otakode\Documents\Visual Studio 2012\Projects\Ninja\Debug\Game.obj
C:\Users\Otakode\Documents\Visual Studio 2012\Projects\Ninja\Debug\Ground.obj
C:\Users\Otakode\Documents\Visual Studio 2012\Projects\Ninja\Debug\Model.obj
C:\Users\Otakode\Documents\Visual Studio 2012\Projects\Ninja\Debug\Ninja.obj
C:\Users\Otakode\Documents\Visual Studio 2012\Projects\Ninja\Debug\Screen.obj
C:\Users\Otakode\Documents\Visual Studio 2012\Projects\Ninja\Debug\stdafx.obj
C:\Users\Otakode\Documents\Visual Studio 2012\Projects\Ninja\Debug\Surface.obj
C:\Users\Otakode\Documents\Visual Studio 2012\Projects\Ninja\Debug\Thread.obj
C:\Users\Otakode\Documents\Visual Studio 2012\Projects\Ninja\Debug\Time.obj
C:\Users\Otakode\Documents\Visual Studio 2012\Projects\Ninja\Debug\View.obj
C:\Users\Otakode\Documents\Visual Studio 2012\Projects\Ninja\Debug\Ninja.ilk
C:\Users\Otakode\Documents\Visual Studio 2012\Projects\Ninja\Debug\cl.command.1.tlog
C:\Users\Otakode\Documents\Visual Studio 2012\Projects\Ninja\Debug\CL.read.1.tlog
C:\Users\Otakode\Documents\Visual Studio 2012\Projects\Ninja\Debug\CL.write.1.tlog
C:\Users\Otakode\Documents\Visual Studio 2012\Projects\Ninja\Debug\link-cvtres.read.1.tlog
C:\Users\Otakode\Documents\Visual Studio 2012\Projects\Ninja\Debug\link-cvtres.write.1.tlog
C:\Users\Otakode\Documents\Visual Studio 2012\Projects\Ninja\Debug\link-rc.read.1.tlog
C:\Users\Otakode\Documents\Visual Studio 2012\Projects\Ninja\Debug\link-rc.write.1.tlog
C:\Users\Otakode\Documents\Visual Studio 2012\Projects\Ninja\Debug\link.3328-cvtres.read.1.tlog
C:\Users\Otakode\Documents\Visual Studio 2012\Projects\Ninja\Debug\link.3328-cvtres.write.1.tlog
C:\Users\Otakode\Documents\Visual Studio 2012\Projects\Ninja\Debug\link.3328-rc.read.1.tlog
C:\Users\Otakode\Documents\Visual Studio 2012\Projects\Ninja\Debug\link.3328-rc.write.1.tlog
C:\Users\Otakode\Documents\Visual Studio 2012\Projects\Ninja\Debug\link.3328.read.1.tlog
C:\Users\Otakode\Documents\Visual Studio 2012\Projects\Ninja\Debug\link.3328.write.1.tlog
C:\Users\Otakode\Documents\Visual Studio 2012\Projects\Ninja\Debug\link.8424-cvtres.read.1.tlog
C:\Users\Otakode\Documents\Visual Studio 2012\Projects\Ninja\Debug\link.8424-cvtres.write.1.tlog
C:\Users\Otakode\Documents\Visual Studio 2012\Projects\Ninja\Debug\link.8424-rc.read.1.tlog
C:\Users\Otakode\Documents\Visual Studio 2012\Projects\Ninja\Debug\link.8424-rc.write.1.tlog
C:\Users\Otakode\Documents\Visual Studio 2012\Projects\Ninja\Debug\link.8424.read.1.tlog
C:\Users\Otakode\Documents\Visual Studio 2012\Projects\Ninja\Debug\link.8424.write.1.tlog
C:\Users\Otakode\Documents\Visual Studio 2012\Projects\Ninja\Debug\link.command.1.tlog
C:\Users\Otakode\Documents\Visual Studio 2012\Projects\Ninja\Debug\link.read.1.tlog
C:\Users\Otakode\Documents\Visual Studio 2012\Projects\Ninja\Debug\link.write.1.tlog
C:\Users\Otakode\Documents\Visual Studio 2012\Projects\Ninja\Debug\rc.command.1.tlog
C:\Users\Otakode\Documents\Visual Studio 2012\Projects\Ninja\Debug\rc.read.1.tlog
C:\Users\Otakode\Documents\Visual Studio 2012\Projects\Ninja\Debug\rc.write.1.tlog
C:\Users\Otakode\Documents\Visual Studio 2012\Projects\Ninja\Debug\Ninja.res
C:\Users\Otakode\Documents\Visual Studio 2012\Projects\Ninja\Debug\Ninja.pch
C:\Users\Otakode\Documents\Visual Studio 2012\Projects\Ninja\Debug\vc110.idb
C:\Users\Otakode\Documents\Visual Studio 2012\Projects\Ninja\Debug\Ninja.pdb
C:\Users\Otakode\Documents\Visual Studio 2012\Projects\Ninja\Debug\vc110.pdb
C:\Users\Otakode\Documents\Visual Studio 2012\Projects\Ninja\Debug\Ninja.exe
