Build started 30/08/2013 22:52:30.
     1>Project "C:\Users\Otakode\Documents\Visual Studio 2012\Projects\Ninja\Ninja.vcxproj" on node 2 (Build target(s)).
     1>ClCompile:
         C:\Program Files (x86)\Microsoft Visual Studio 11.0\VC\bin\CL.exe /c /Zi /nologo /W3 /WX- /O2 /Oi /Oy- /GL /D WIN32 /D NDEBUG /D _WINDOWS /D _UNICODE /D UNICODE /Gm- /EHsc /MD /GS /Gy /fp:precise /Zc:wchar_t /Zc:forScope /Yc"stdafx.h" /Fp"Release\Ninja.pch" /Fo"Release\\" /Fd"Release\vc110.pdb" /Gd /TP /analyze- /errorReport:prompt stdafx.cpp
         stdafx.cpp
         C:\Program Files (x86)\Microsoft Visual Studio 11.0\VC\bin\CL.exe /c /Zi /nologo /W3 /WX- /O2 /Oi /Oy- /GL /D WIN32 /D NDEBUG /D _WINDOWS /D _UNICODE /D UNICODE /Gm- /EHsc /MD /GS /Gy /fp:precise /Zc:wchar_t /Zc:forScope /Yu"stdafx.h" /Fp"Release\Ninja.pch" /Fo"Release\\" /Fd"Release\vc110.pdb" /Gd /TP /analyze- /errorReport:prompt Ninja.cpp sources\Background.cpp sources\Character.cpp sources\Controller.cpp sources\Game.cpp sources\Ground.cpp sources\Model.cpp sources\Screen.cpp sources\Surface.cpp sources\Thread.cpp sources\Time.cpp sources\View.cpp
         Ninja.cpp
     1>c:\users\otakode\documents\visual studio 2012\projects\ninja\sources/Game.h(6): fatal error C1083: Cannot open include file: 'SDL.h': No such file or directory
         Background.cpp
     1>c:\users\otakode\documents\visual studio 2012\projects\ninja\sources\Surface.h(4): fatal error C1083: Cannot open include file: 'SDL.h': No such file or directory
         Character.cpp
     1>c:\users\otakode\documents\visual studio 2012\projects\ninja\sources\Surface.h(4): fatal error C1083: Cannot open include file: 'SDL.h': No such file or directory
         Controller.cpp
     1>c:\users\otakode\documents\visual studio 2012\projects\ninja\sources\Controller.h(4): fatal error C1083: Cannot open include file: 'SDL.h': No such file or directory
         Game.cpp
     1>c:\users\otakode\documents\visual studio 2012\projects\ninja\sources\Game.h(6): fatal error C1083: Cannot open include file: 'SDL.h': No such file or directory
         Ground.cpp
     1>c:\users\otakode\documents\visual studio 2012\projects\ninja\sources\Surface.h(4): fatal error C1083: Cannot open include file: 'SDL.h': No such file or directory
         Model.cpp
     1>c:\users\otakode\documents\visual studio 2012\projects\ninja\sources\Model.h(4): fatal error C1083: Cannot open include file: 'SDL.h': No such file or directory
         Screen.cpp
     1>c:\users\otakode\documents\visual studio 2012\projects\ninja\sources\Surface.h(4): fatal error C1083: Cannot open include file: 'SDL.h': No such file or directory
         Surface.cpp
     1>c:\users\otakode\documents\visual studio 2012\projects\ninja\sources\Surface.h(4): fatal error C1083: Cannot open include file: 'SDL.h': No such file or directory
         Thread.cpp
         Time.cpp
         View.cpp
     1>c:\users\otakode\documents\visual studio 2012\projects\ninja\sources\View.h(4): fatal error C1083: Cannot open include file: 'SDL.h': No such file or directory
     1>Done Building Project "C:\Users\Otakode\Documents\Visual Studio 2012\Projects\Ninja\Ninja.vcxproj" (Build target(s)) -- FAILED.

Build FAILED.

Time Elapsed 00:00:01.89
